{"/home/daniel/Documentos/Trybe/sd-012-project-react-testing-library/src/App.js": {"path":"/home/daniel/Documentos/Trybe/sd-012-project-react-testing-library/src/App.js","statementMap":{"0":{"start":{"line":23,"column":31},"end":{"line":23,"column":55}},"1":{"start":{"line":24,"column":30},"end":{"line":27,"column":10}},"2":{"start":{"line":25,"column":6},"end":{"line":25,"column":64}},"3":{"start":{"line":26,"column":6},"end":{"line":26,"column":17}},"4":{"start":{"line":29,"column":4},"end":{"line":29,"column":29}},"5":{"start":{"line":33,"column":4},"end":{"line":33,"column":17}},"6":{"start":{"line":34,"column":4},"end":{"line":34,"column":75}},"7":{"start":{"line":38,"column":4},"end":{"line":38,"column":50}},"8":{"start":{"line":40,"column":4},"end":{"line":40,"column":79}},"9":{"start":{"line":44,"column":38},"end":{"line":44,"column":48}},"10":{"start":{"line":46,"column":4},"end":{"line":51,"column":6}},"11":{"start":{"line":55,"column":38},"end":{"line":55,"column":48}},"12":{"start":{"line":57,"column":4},"end":{"line":66,"column":6}},"13":{"start":{"line":63,"column":10},"end":{"line":63,"column":62}},"14":{"start":{"line":70,"column":38},"end":{"line":70,"column":48}},"15":{"start":{"line":71,"column":29},"end":{"line":71,"column":83}},"16":{"start":{"line":71,"column":57},"end":{"line":71,"column":82}},"17":{"start":{"line":73,"column":4},"end":{"line":91,"column":6}},"18":{"start":{"line":78,"column":34},"end":{"line":78,"column":59}},"19":{"start":{"line":82,"column":34},"end":{"line":82,"column":66}},"20":{"start":{"line":86,"column":25},"end":{"line":86,"column":75}},"21":{"start":{"line":95,"column":4},"end":{"line":105,"column":6}}},"fnMap":{"0":{"name":"(anonymous_0)","decl":{"start":{"line":22,"column":2},"end":{"line":22,"column":3}},"loc":{"start":{"line":22,"column":36},"end":{"line":30,"column":3}},"line":22},"1":{"name":"(anonymous_1)","decl":{"start":{"line":24,"column":46},"end":{"line":24,"column":47}},"loc":{"start":{"line":24,"column":64},"end":{"line":27,"column":5}},"line":24},"2":{"name":"(anonymous_2)","decl":{"start":{"line":32,"column":2},"end":{"line":32,"column":3}},"loc":{"start":{"line":32,"column":21},"end":{"line":35,"column":3}},"line":32},"3":{"name":"(anonymous_3)","decl":{"start":{"line":37,"column":2},"end":{"line":37,"column":3}},"loc":{"start":{"line":37,"column":50},"end":{"line":41,"column":3}},"line":37},"4":{"name":"(anonymous_4)","decl":{"start":{"line":43,"column":2},"end":{"line":43,"column":3}},"loc":{"start":{"line":43,"column":18},"end":{"line":52,"column":3}},"line":43},"5":{"name":"(anonymous_5)","decl":{"start":{"line":54,"column":2},"end":{"line":54,"column":3}},"loc":{"start":{"line":54,"column":30},"end":{"line":67,"column":3}},"line":54},"6":{"name":"(anonymous_6)","decl":{"start":{"line":62,"column":35},"end":{"line":62,"column":36}},"loc":{"start":{"line":63,"column":10},"end":{"line":63,"column":62}},"line":63},"7":{"name":"(anonymous_7)","decl":{"start":{"line":69,"column":2},"end":{"line":69,"column":3}},"loc":{"start":{"line":69,"column":17},"end":{"line":92,"column":3}},"line":69},"8":{"name":"(anonymous_8)","decl":{"start":{"line":71,"column":45},"end":{"line":71,"column":46}},"loc":{"start":{"line":71,"column":57},"end":{"line":71,"column":82}},"line":71},"9":{"name":"(anonymous_9)","decl":{"start":{"line":78,"column":19},"end":{"line":78,"column":20}},"loc":{"start":{"line":78,"column":34},"end":{"line":78,"column":59}},"line":78},"10":{"name":"(anonymous_10)","decl":{"start":{"line":82,"column":19},"end":{"line":82,"column":20}},"loc":{"start":{"line":82,"column":34},"end":{"line":82,"column":66}},"line":82},"11":{"name":"(anonymous_11)","decl":{"start":{"line":86,"column":19},"end":{"line":86,"column":20}},"loc":{"start":{"line":86,"column":25},"end":{"line":86,"column":75}},"line":86},"12":{"name":"(anonymous_12)","decl":{"start":{"line":94,"column":2},"end":{"line":94,"column":3}},"loc":{"start":{"line":94,"column":11},"end":{"line":106,"column":3}},"line":94}},"branchMap":{},"s":{"0":21,"1":21,"2":189,"3":189,"4":21,"5":17,"6":17,"7":4,"8":4,"9":19,"10":19,"11":9,"12":9,"13":4,"14":21,"15":21,"16":189,"17":21,"18":19,"19":9,"20":2,"21":21},"f":{"0":21,"1":189,"2":17,"3":4,"4":19,"5":9,"6":4,"7":21,"8":189,"9":19,"10":9,"11":2,"12":21},"b":{},"_coverageSchema":"43e27e138ebf9cfc5966b082cf9a028302ed4184","hash":"a48fdb6418387d0a9bd6a5bca58011893e3e98ec"}
,"/home/daniel/Documentos/Trybe/sd-012-project-react-testing-library/src/data.js": {"path":"/home/daniel/Documentos/Trybe/sd-012-project-react-testing-library/src/data.js","statementMap":{"0":{"start":{"line":1,"column":17},"end":{"line":200,"column":1}}},"fnMap":{},"branchMap":{},"s":{"0":5},"f":{},"b":{},"_coverageSchema":"43e27e138ebf9cfc5966b082cf9a028302ed4184","hash":"9936a604bc9dce36b89ec78d4dbcadf347407e8b"}
,"/home/daniel/Documentos/Trybe/sd-012-project-react-testing-library/src/components/About.js": {"path":"/home/daniel/Documentos/Trybe/sd-012-project-react-testing-library/src/components/About.js","statementMap":{"0":{"start":{"line":4,"column":14},"end":{"line":20,"column":1}},"1":{"start":{"line":5,"column":2},"end":{"line":19,"column":12}}},"fnMap":{"0":{"name":"(anonymous_0)","decl":{"start":{"line":4,"column":14},"end":{"line":4,"column":15}},"loc":{"start":{"line":5,"column":2},"end":{"line":19,"column":12}},"line":5}},"branchMap":{},"s":{"0":7,"1":4},"f":{"0":4},"b":{},"_coverageSchema":"43e27e138ebf9cfc5966b082cf9a028302ed4184","hash":"56d05150c7f2c40aea7819433ff194800286abaf"}
,"/home/daniel/Documentos/Trybe/sd-012-project-react-testing-library/src/components/Button.js": {"path":"/home/daniel/Documentos/Trybe/sd-012-project-react-testing-library/src/components/Button.js","statementMap":{"0":{"start":{"line":6,"column":15},"end":{"line":22,"column":1}},"1":{"start":{"line":13,"column":2},"end":{"line":21,"column":11}},"2":{"start":{"line":24,"column":0},"end":{"line":30,"column":2}},"3":{"start":{"line":32,"column":0},"end":{"line":37,"column":2}}},"fnMap":{"0":{"name":"(anonymous_0)","decl":{"start":{"line":6,"column":15},"end":{"line":6,"column":16}},"loc":{"start":{"line":13,"column":2},"end":{"line":21,"column":11}},"line":13}},"branchMap":{},"s":{"0":6,"1":198,"2":6,"3":6},"f":{"0":198},"b":{},"_coverageSchema":"43e27e138ebf9cfc5966b082cf9a028302ed4184","hash":"9cc5286dfad87952bddf5714b85c0d18394f7418"}
,"/home/daniel/Documentos/Trybe/sd-012-project-react-testing-library/src/components/FavoritePokemons.js": {"path":"/home/daniel/Documentos/Trybe/sd-012-project-react-testing-library/src/components/FavoritePokemons.js","statementMap":{"0":{"start":{"line":9,"column":13},"end":{"line":9,"column":14}},"1":{"start":{"line":13,"column":4},"end":{"line":17,"column":6}},"2":{"start":{"line":21,"column":4},"end":{"line":25,"column":6}},"3":{"start":{"line":29,"column":25},"end":{"line":29,"column":35}},"4":{"start":{"line":30,"column":38},"end":{"line":30,"column":54}},"5":{"start":{"line":32,"column":4},"end":{"line":36,"column":6}},"6":{"start":{"line":34,"column":35},"end":{"line":34,"column":65}},"7":{"start":{"line":40,"column":25},"end":{"line":40,"column":41}},"8":{"start":{"line":41,"column":25},"end":{"line":41,"column":35}},"9":{"start":{"line":42,"column":20},"end":{"line":42,"column":44}},"10":{"start":{"line":44,"column":4},"end":{"line":49,"column":6}},"11":{"start":{"line":53,"column":0},"end":{"line":55,"column":2}},"12":{"start":{"line":57,"column":0},"end":{"line":59,"column":2}}},"fnMap":{"0":{"name":"(anonymous_0)","decl":{"start":{"line":12,"column":2},"end":{"line":12,"column":3}},"loc":{"start":{"line":12,"column":20},"end":{"line":18,"column":3}},"line":12},"1":{"name":"(anonymous_1)","decl":{"start":{"line":20,"column":2},"end":{"line":20,"column":3}},"loc":{"start":{"line":20,"column":40},"end":{"line":26,"column":3}},"line":20},"2":{"name":"(anonymous_2)","decl":{"start":{"line":28,"column":2},"end":{"line":28,"column":3}},"loc":{"start":{"line":28,"column":27},"end":{"line":37,"column":3}},"line":28},"3":{"name":"(anonymous_3)","decl":{"start":{"line":34,"column":22},"end":{"line":34,"column":23}},"loc":{"start":{"line":34,"column":35},"end":{"line":34,"column":65}},"line":34},"4":{"name":"(anonymous_4)","decl":{"start":{"line":39,"column":2},"end":{"line":39,"column":3}},"loc":{"start":{"line":39,"column":11},"end":{"line":50,"column":3}},"line":39}},"branchMap":{"0":{"loc":{"start":{"line":47,"column":9},"end":{"line":47,"column":61}},"type":"cond-expr","locations":[{"start":{"line":47,"column":19},"end":{"line":47,"column":29}},{"start":{"line":47,"column":32},"end":{"line":47,"column":61}}],"line":47}},"s":{"0":6,"1":3,"2":1,"3":1,"4":1,"5":1,"6":1,"7":4,"8":4,"9":4,"10":4,"11":6,"12":6},"f":{"0":3,"1":1,"2":1,"3":1,"4":4},"b":{"0":[3,1]},"_coverageSchema":"43e27e138ebf9cfc5966b082cf9a028302ed4184","hash":"28e511354619338169ccb92bc1fc46480633f5ef"}
,"/home/daniel/Documentos/Trybe/sd-012-project-react-testing-library/src/components/NotFound.js": {"path":"/home/daniel/Documentos/Trybe/sd-012-project-react-testing-library/src/components/NotFound.js","statementMap":{"0":{"start":{"line":4,"column":17},"end":{"line":16,"column":1}},"1":{"start":{"line":5,"column":2},"end":{"line":15,"column":8}}},"fnMap":{"0":{"name":"(anonymous_0)","decl":{"start":{"line":4,"column":17},"end":{"line":4,"column":18}},"loc":{"start":{"line":5,"column":2},"end":{"line":15,"column":8}},"line":5}},"branchMap":{},"s":{"0":6,"1":3},"f":{"0":3},"b":{},"_coverageSchema":"43e27e138ebf9cfc5966b082cf9a028302ed4184","hash":"61f7102d467ba1fb22a76bc0e5c65695b9023ba6"}
,"/home/daniel/Documentos/Trybe/sd-012-project-react-testing-library/src/components/Pokedex.js": {"path":"/home/daniel/Documentos/Trybe/sd-012-project-react-testing-library/src/components/Pokedex.js","statementMap":{"0":{"start":{"line":11,"column":4},"end":{"line":11,"column":17}},"1":{"start":{"line":12,"column":4},"end":{"line":12,"column":58}},"2":{"start":{"line":16,"column":4},"end":{"line":16,"column":53}},"3":{"start":{"line":20,"column":4},"end":{"line":22,"column":7}},"4":{"start":{"line":21,"column":6},"end":{"line":21,"column":67}},"5":{"start":{"line":26,"column":25},"end":{"line":26,"column":35}},"6":{"start":{"line":27,"column":29},"end":{"line":27,"column":39}},"7":{"start":{"line":29,"column":4},"end":{"line":32,"column":7}},"8":{"start":{"line":30,"column":6},"end":{"line":30,"column":46}},"9":{"start":{"line":30,"column":34},"end":{"line":30,"column":46}},"10":{"start":{"line":31,"column":6},"end":{"line":31,"column":43}},"11":{"start":{"line":36,"column":25},"end":{"line":36,"column":35}},"12":{"start":{"line":38,"column":4},"end":{"line":38,"column":84}},"13":{"start":{"line":38,"column":60},"end":{"line":38,"column":76}},"14":{"start":{"line":42,"column":25},"end":{"line":42,"column":49}},"15":{"start":{"line":44,"column":4},"end":{"line":63,"column":6}},"16":{"start":{"line":47,"column":25},"end":{"line":47,"column":51}},"17":{"start":{"line":53,"column":10},"end":{"line":60,"column":19}},"18":{"start":{"line":56,"column":27},"end":{"line":56,"column":52}},"19":{"start":{"line":67,"column":38},"end":{"line":67,"column":48}},"20":{"start":{"line":68,"column":29},"end":{"line":68,"column":57}},"21":{"start":{"line":69,"column":29},"end":{"line":69,"column":39}},"22":{"start":{"line":70,"column":20},"end":{"line":70,"column":50}},"23":{"start":{"line":72,"column":4},"end":{"line":89,"column":6}},"24":{"start":{"line":83,"column":25},"end":{"line":83,"column":66}},"25":{"start":{"line":93,"column":0},"end":{"line":96,"column":2}}},"fnMap":{"0":{"name":"(anonymous_0)","decl":{"start":{"line":10,"column":2},"end":{"line":10,"column":3}},"loc":{"start":{"line":10,"column":21},"end":{"line":13,"column":3}},"line":10},"1":{"name":"(anonymous_1)","decl":{"start":{"line":15,"column":2},"end":{"line":15,"column":3}},"loc":{"start":{"line":15,"column":31},"end":{"line":17,"column":3}},"line":15},"2":{"name":"(anonymous_2)","decl":{"start":{"line":19,"column":2},"end":{"line":19,"column":3}},"loc":{"start":{"line":19,"column":32},"end":{"line":23,"column":3}},"line":19},"3":{"name":"(anonymous_3)","decl":{"start":{"line":20,"column":18},"end":{"line":20,"column":19}},"loc":{"start":{"line":21,"column":6},"end":{"line":21,"column":67}},"line":21},"4":{"name":"(anonymous_4)","decl":{"start":{"line":25,"column":2},"end":{"line":25,"column":3}},"loc":{"start":{"line":25,"column":26},"end":{"line":33,"column":3}},"line":25},"5":{"name":"(anonymous_5)","decl":{"start":{"line":29,"column":27},"end":{"line":29,"column":28}},"loc":{"start":{"line":29,"column":40},"end":{"line":32,"column":5}},"line":29},"6":{"name":"(anonymous_6)","decl":{"start":{"line":35,"column":2},"end":{"line":35,"column":3}},"loc":{"start":{"line":35,"column":22},"end":{"line":39,"column":3}},"line":35},"7":{"name":"(anonymous_7)","decl":{"start":{"line":38,"column":39},"end":{"line":38,"column":40}},"loc":{"start":{"line":38,"column":60},"end":{"line":38,"column":76}},"line":38},"8":{"name":"(anonymous_8)","decl":{"start":{"line":41,"column":2},"end":{"line":41,"column":3}},"loc":{"start":{"line":41,"column":30},"end":{"line":64,"column":3}},"line":41},"9":{"name":"(anonymous_9)","decl":{"start":{"line":47,"column":19},"end":{"line":47,"column":20}},"loc":{"start":{"line":47,"column":25},"end":{"line":47,"column":51}},"line":47},"10":{"name":"(anonymous_10)","decl":{"start":{"line":52,"column":26},"end":{"line":52,"column":27}},"loc":{"start":{"line":53,"column":10},"end":{"line":60,"column":19}},"line":53},"11":{"name":"(anonymous_11)","decl":{"start":{"line":56,"column":21},"end":{"line":56,"column":22}},"loc":{"start":{"line":56,"column":27},"end":{"line":56,"column":52}},"line":56},"12":{"name":"(anonymous_12)","decl":{"start":{"line":66,"column":2},"end":{"line":66,"column":3}},"loc":{"start":{"line":66,"column":11},"end":{"line":90,"column":3}},"line":66},"13":{"name":"(anonymous_13)","decl":{"start":{"line":83,"column":19},"end":{"line":83,"column":20}},"loc":{"start":{"line":83,"column":25},"end":{"line":83,"column":66}},"line":83}},"branchMap":{"0":{"loc":{"start":{"line":30,"column":6},"end":{"line":30,"column":46}},"type":"if","locations":[{"start":{"line":30,"column":6},"end":{"line":30,"column":46}},{"start":{"line":30,"column":6},"end":{"line":30,"column":46}}],"line":30}},"s":{"0":17,"1":17,"2":2,"3":1,"4":1,"5":22,"6":22,"7":22,"8":198,"9":189,"10":9,"11":22,"12":22,"13":198,"14":22,"15":22,"16":1,"17":154,"18":1,"19":22,"20":22,"21":22,"22":22,"23":22,"24":1,"25":6},"f":{"0":17,"1":2,"2":1,"3":1,"4":22,"5":198,"6":22,"7":198,"8":22,"9":1,"10":154,"11":1,"12":22,"13":1},"b":{"0":[189,9]},"_coverageSchema":"43e27e138ebf9cfc5966b082cf9a028302ed4184","hash":"e53643b989a901ecfec1fb741bae869b355af00a"}
,"/home/daniel/Documentos/Trybe/sd-012-project-react-testing-library/src/components/Pokemon.js": {"path":"/home/daniel/Documentos/Trybe/sd-012-project-react-testing-library/src/components/Pokemon.js","statementMap":{"0":{"start":{"line":9,"column":16},"end":{"line":33,"column":1}},"1":{"start":{"line":10,"column":51},"end":{"line":10,"column":58}},"2":{"start":{"line":11,"column":37},"end":{"line":11,"column":50}},"3":{"start":{"line":13,"column":2},"end":{"line":32,"column":4}},"4":{"start":{"line":35,"column":0},"end":{"line":39,"column":2}},"5":{"start":{"line":41,"column":0},"end":{"line":43,"column":2}}},"fnMap":{"0":{"name":"(anonymous_0)","decl":{"start":{"line":9,"column":16},"end":{"line":9,"column":17}},"loc":{"start":{"line":9,"column":62},"end":{"line":33,"column":1}},"line":9}},"branchMap":{"0":{"loc":{"start":{"line":21,"column":9},"end":{"line":21,"column":77}},"type":"binary-expr","locations":[{"start":{"line":21,"column":9},"end":{"line":21,"column":24}},{"start":{"line":21,"column":28},"end":{"line":21,"column":77}}],"line":21},"1":{"loc":{"start":{"line":24,"column":7},"end":{"line":30,"column":7}},"type":"binary-expr","locations":[{"start":{"line":24,"column":7},"end":{"line":24,"column":17}},{"start":{"line":25,"column":8},"end":{"line":29,"column":10}}],"line":24}},"s":{"0":6,"1":32,"2":32,"3":32,"4":6,"5":6},"f":{"0":32},"b":{"0":[32,23],"1":[32,4]},"_coverageSchema":"43e27e138ebf9cfc5966b082cf9a028302ed4184","hash":"57c2715d617370fe81cec5d000c9e4762ba41e14"}
,"/home/daniel/Documentos/Trybe/sd-012-project-react-testing-library/src/components/PokemonDetails.js": {"path":"/home/daniel/Documentos/Trybe/sd-012-project-react-testing-library/src/components/PokemonDetails.js","statementMap":{"0":{"start":{"line":11,"column":4},"end":{"line":23,"column":6}},"1":{"start":{"line":16,"column":12},"end":{"line":19,"column":18}},"2":{"start":{"line":27,"column":4},"end":{"line":32,"column":6}},"3":{"start":{"line":36,"column":4},"end":{"line":36,"column":17}},"4":{"start":{"line":38,"column":4},"end":{"line":38,"column":67}},"5":{"start":{"line":42,"column":25},"end":{"line":42,"column":35}},"6":{"start":{"line":44,"column":4},"end":{"line":44,"column":53}},"7":{"start":{"line":44,"column":37},"end":{"line":44,"column":51}},"8":{"start":{"line":48,"column":41},"end":{"line":48,"column":51}},"9":{"start":{"line":50,"column":4},"end":{"line":64,"column":6}},"10":{"start":{"line":59,"column":43},"end":{"line":59,"column":87}},"11":{"start":{"line":68,"column":45},"end":{"line":68,"column":59}},"12":{"start":{"line":69,"column":36},"end":{"line":69,"column":40}},"13":{"start":{"line":73,"column":8},"end":{"line":73,"column":18}},"14":{"start":{"line":75,"column":20},"end":{"line":75,"column":54}},"15":{"start":{"line":76,"column":23},"end":{"line":76,"column":48}},"16":{"start":{"line":78,"column":4},"end":{"line":90,"column":6}},"17":{"start":{"line":94,"column":0},"end":{"line":103,"column":2}}},"fnMap":{"0":{"name":"(anonymous_0)","decl":{"start":{"line":10,"column":2},"end":{"line":10,"column":3}},"loc":{"start":{"line":10,"column":42},"end":{"line":24,"column":3}},"line":10},"1":{"name":"(anonymous_1)","decl":{"start":{"line":15,"column":23},"end":{"line":15,"column":24}},"loc":{"start":{"line":16,"column":12},"end":{"line":19,"column":18}},"line":16},"2":{"name":"(anonymous_2)","decl":{"start":{"line":26,"column":2},"end":{"line":26,"column":3}},"loc":{"start":{"line":26,"column":36},"end":{"line":33,"column":3}},"line":26},"3":{"name":"(anonymous_3)","decl":{"start":{"line":35,"column":2},"end":{"line":35,"column":3}},"loc":{"start":{"line":35,"column":21},"end":{"line":39,"column":3}},"line":35},"4":{"name":"(anonymous_4)","decl":{"start":{"line":41,"column":2},"end":{"line":41,"column":3}},"loc":{"start":{"line":41,"column":23},"end":{"line":45,"column":3}},"line":41},"5":{"name":"(anonymous_5)","decl":{"start":{"line":44,"column":25},"end":{"line":44,"column":26}},"loc":{"start":{"line":44,"column":37},"end":{"line":44,"column":51}},"line":44},"6":{"name":"(anonymous_6)","decl":{"start":{"line":47,"column":2},"end":{"line":47,"column":3}},"loc":{"start":{"line":47,"column":45},"end":{"line":65,"column":3}},"line":47},"7":{"name":"(anonymous_7)","decl":{"start":{"line":59,"column":14},"end":{"line":59,"column":15}},"loc":{"start":{"line":59,"column":43},"end":{"line":59,"column":87}},"line":59},"8":{"name":"(anonymous_8)","decl":{"start":{"line":67,"column":2},"end":{"line":67,"column":3}},"loc":{"start":{"line":67,"column":11},"end":{"line":91,"column":3}},"line":67}},"branchMap":{},"s":{"0":9,"1":18,"2":9,"3":5,"4":5,"5":9,"6":9,"7":9,"8":9,"9":9,"10":4,"11":9,"12":9,"13":9,"14":9,"15":9,"16":9,"17":6},"f":{"0":9,"1":18,"2":9,"3":5,"4":9,"5":9,"6":9,"7":4,"8":9},"b":{},"_coverageSchema":"43e27e138ebf9cfc5966b082cf9a028302ed4184","hash":"3fda697dfeeb9fc1c238f44ea545612692915e2e"}
,"/home/daniel/Documentos/Trybe/sd-012-project-react-testing-library/src/components/index.js": {"path":"/home/daniel/Documentos/Trybe/sd-012-project-react-testing-library/src/components/index.js","statementMap":{},"fnMap":{},"branchMap":{},"s":{},"f":{},"b":{},"_coverageSchema":"43e27e138ebf9cfc5966b082cf9a028302ed4184","hash":"2aca1fd181e00af6dbbcefe46cce34534ce5f613"}
,"/home/daniel/Documentos/Trybe/sd-012-project-react-testing-library/src/services/pokedexService.js": {"path":"/home/daniel/Documentos/Trybe/sd-012-project-react-testing-library/src/services/pokedexService.js","statementMap":{"0":{"start":{"line":1,"column":38},"end":{"line":3,"column":1}},"1":{"start":{"line":2,"column":2},"end":{"line":2,"column":62}},"2":{"start":{"line":5,"column":29},"end":{"line":7,"column":1}},"3":{"start":{"line":6,"column":2},"end":{"line":6,"column":70}},"4":{"start":{"line":9,"column":30},"end":{"line":14,"column":1}},"5":{"start":{"line":10,"column":27},"end":{"line":10,"column":51}},"6":{"start":{"line":11,"column":30},"end":{"line":11,"column":62}},"7":{"start":{"line":13,"column":2},"end":{"line":13,"column":44}},"8":{"start":{"line":16,"column":35},"end":{"line":21,"column":1}},"9":{"start":{"line":17,"column":27},"end":{"line":17,"column":51}},"10":{"start":{"line":18,"column":30},"end":{"line":18,"column":79}},"11":{"start":{"line":18,"column":62},"end":{"line":18,"column":78}},"12":{"start":{"line":20,"column":2},"end":{"line":20,"column":44}},"13":{"start":{"line":23,"column":38},"end":{"line":25,"column":1}},"14":{"start":{"line":24,"column":2},"end":{"line":24,"column":87}}},"fnMap":{"0":{"name":"(anonymous_0)","decl":{"start":{"line":1,"column":38},"end":{"line":1,"column":39}},"loc":{"start":{"line":2,"column":2},"end":{"line":2,"column":62}},"line":2},"1":{"name":"(anonymous_1)","decl":{"start":{"line":5,"column":29},"end":{"line":5,"column":30}},"loc":{"start":{"line":6,"column":2},"end":{"line":6,"column":70}},"line":6},"2":{"name":"(anonymous_2)","decl":{"start":{"line":9,"column":30},"end":{"line":9,"column":31}},"loc":{"start":{"line":9,"column":45},"end":{"line":14,"column":1}},"line":9},"3":{"name":"(anonymous_3)","decl":{"start":{"line":16,"column":35},"end":{"line":16,"column":36}},"loc":{"start":{"line":16,"column":50},"end":{"line":21,"column":1}},"line":16},"4":{"name":"(anonymous_4)","decl":{"start":{"line":18,"column":54},"end":{"line":18,"column":55}},"loc":{"start":{"line":18,"column":62},"end":{"line":18,"column":78}},"line":18},"5":{"name":"(anonymous_5)","decl":{"start":{"line":23,"column":38},"end":{"line":23,"column":39}},"loc":{"start":{"line":24,"column":2},"end":{"line":24,"column":87}},"line":24}},"branchMap":{"0":{"loc":{"start":{"line":2,"column":2},"end":{"line":2,"column":62}},"type":"binary-expr","locations":[{"start":{"line":2,"column":2},"end":{"line":2,"column":56}},{"start":{"line":2,"column":60},"end":{"line":2,"column":62}}],"line":2},"1":{"loc":{"start":{"line":24,"column":2},"end":{"line":24,"column":87}},"type":"cond-expr","locations":[{"start":{"line":24,"column":15},"end":{"line":24,"column":47}},{"start":{"line":24,"column":50},"end":{"line":24,"column":87}}],"line":24}},"s":{"0":5,"1":25,"2":5,"3":4,"4":5,"5":3,"6":3,"7":3,"8":5,"9":1,"10":1,"11":1,"12":1,"13":5,"14":4},"f":{"0":25,"1":4,"2":3,"3":1,"4":1,"5":4},"b":{"0":[25,20],"1":[3,1]},"_coverageSchema":"43e27e138ebf9cfc5966b082cf9a028302ed4184","hash":"2bbe35e454b4f81f43c583ce0fe88243f8e9ecf7"}
,"/home/daniel/Documentos/Trybe/sd-012-project-react-testing-library/src/services/renderWithRouter.js": {"path":"/home/daniel/Documentos/Trybe/sd-012-project-react-testing-library/src/services/renderWithRouter.js","statementMap":{"0":{"start":{"line":6,"column":25},"end":{"line":11,"column":1}},"1":{"start":{"line":7,"column":18},"end":{"line":7,"column":39}},"2":{"start":{"line":8,"column":2},"end":{"line":10,"column":5}}},"fnMap":{"0":{"name":"(anonymous_0)","decl":{"start":{"line":6,"column":25},"end":{"line":6,"column":26}},"loc":{"start":{"line":6,"column":40},"end":{"line":11,"column":1}},"line":6}},"branchMap":{},"s":{"0":7,"1":24,"2":24},"f":{"0":24},"b":{},"_coverageSchema":"43e27e138ebf9cfc5966b082cf9a028302ed4184","hash":"8f8eeb86ef328e4e0e97e67718dd735f645e418a"}
,"/home/daniel/Documentos/Trybe/sd-012-project-react-testing-library/src/types/index.js": {"path":"/home/daniel/Documentos/Trybe/sd-012-project-react-testing-library/src/types/index.js","statementMap":{"0":{"start":{"line":10,"column":41},"end":{"line":10,"column":55}},"1":{"start":{"line":12,"column":27},"end":{"line":27,"column":2}}},"fnMap":{},"branchMap":{},"s":{"0":6,"1":6},"f":{},"b":{},"_coverageSchema":"43e27e138ebf9cfc5966b082cf9a028302ed4184","hash":"b4ff36e9b20b1dee91bcd51b9997bcab20c20840"}
}
