TN:
SF:/home/daniel/Documentos/Trybe/sd-012-project-react-testing-library/src/App.js
FN:22,(anonymous_0)
FN:24,(anonymous_1)
FN:32,(anonymous_2)
FN:37,(anonymous_3)
FN:43,(anonymous_4)
FN:54,(anonymous_5)
FN:62,(anonymous_6)
FN:69,(anonymous_7)
FN:71,(anonymous_8)
FN:78,(anonymous_9)
FN:82,(anonymous_10)
FN:86,(anonymous_11)
FN:94,(anonymous_12)
FNF:13
FNH:13
FNDA:21,(anonymous_0)
FNDA:189,(anonymous_1)
FNDA:17,(anonymous_2)
FNDA:4,(anonymous_3)
FNDA:19,(anonymous_4)
FNDA:9,(anonymous_5)
FNDA:4,(anonymous_6)
FNDA:21,(anonymous_7)
FNDA:189,(anonymous_8)
FNDA:19,(anonymous_9)
FNDA:9,(anonymous_10)
FNDA:2,(anonymous_11)
FNDA:21,(anonymous_12)
DA:23,21
DA:24,21
DA:25,189
DA:26,189
DA:29,21
DA:33,17
DA:34,17
DA:38,4
DA:40,4
DA:44,19
DA:46,19
DA:55,9
DA:57,9
DA:63,4
DA:70,21
DA:71,189
DA:73,21
DA:78,19
DA:82,9
DA:86,2
DA:95,21
LF:21
LH:21
BRF:0
BRH:0
end_of_record
TN:
SF:/home/daniel/Documentos/Trybe/sd-012-project-react-testing-library/src/data.js
FNF:0
FNH:0
DA:1,5
LF:1
LH:1
BRF:0
BRH:0
end_of_record
TN:
SF:/home/daniel/Documentos/Trybe/sd-012-project-react-testing-library/src/components/About.js
FN:4,(anonymous_0)
FNF:1
FNH:1
FNDA:4,(anonymous_0)
DA:4,7
DA:5,4
LF:2
LH:2
BRF:0
BRH:0
end_of_record
TN:
SF:/home/daniel/Documentos/Trybe/sd-012-project-react-testing-library/src/components/Button.js
FN:6,(anonymous_0)
FNF:1
FNH:1
FNDA:198,(anonymous_0)
DA:6,6
DA:13,198
DA:24,6
DA:32,6
LF:4
LH:4
BRF:0
BRH:0
end_of_record
TN:
SF:/home/daniel/Documentos/Trybe/sd-012-project-react-testing-library/src/components/FavoritePokemons.js
FN:12,(anonymous_0)
FN:20,(anonymous_1)
FN:28,(anonymous_2)
FN:34,(anonymous_3)
FN:39,(anonymous_4)
FNF:5
FNH:5
FNDA:3,(anonymous_0)
FNDA:1,(anonymous_1)
FNDA:1,(anonymous_2)
FNDA:1,(anonymous_3)
FNDA:4,(anonymous_4)
DA:9,6
DA:13,3
DA:21,1
DA:29,1
DA:30,1
DA:32,1
DA:34,1
DA:40,4
DA:41,4
DA:42,4
DA:44,4
DA:53,6
DA:57,6
LF:13
LH:13
BRDA:47,0,0,3
BRDA:47,0,1,1
BRF:2
BRH:2
end_of_record
TN:
SF:/home/daniel/Documentos/Trybe/sd-012-project-react-testing-library/src/components/NotFound.js
FN:4,(anonymous_0)
FNF:1
FNH:1
FNDA:3,(anonymous_0)
DA:4,6
DA:5,3
LF:2
LH:2
BRF:0
BRH:0
end_of_record
TN:
SF:/home/daniel/Documentos/Trybe/sd-012-project-react-testing-library/src/components/Pokedex.js
FN:10,(anonymous_0)
FN:15,(anonymous_1)
FN:19,(anonymous_2)
FN:20,(anonymous_3)
FN:25,(anonymous_4)
FN:29,(anonymous_5)
FN:35,(anonymous_6)
FN:38,(anonymous_7)
FN:41,(anonymous_8)
FN:47,(anonymous_9)
FN:52,(anonymous_10)
FN:56,(anonymous_11)
FN:66,(anonymous_12)
FN:83,(anonymous_13)
FNF:14
FNH:14
FNDA:17,(anonymous_0)
FNDA:2,(anonymous_1)
FNDA:1,(anonymous_2)
FNDA:1,(anonymous_3)
FNDA:22,(anonymous_4)
FNDA:198,(anonymous_5)
FNDA:22,(anonymous_6)
FNDA:198,(anonymous_7)
FNDA:22,(anonymous_8)
FNDA:1,(anonymous_9)
FNDA:154,(anonymous_10)
FNDA:1,(anonymous_11)
FNDA:22,(anonymous_12)
FNDA:1,(anonymous_13)
DA:11,17
DA:12,17
DA:16,2
DA:20,1
DA:21,1
DA:26,22
DA:27,22
DA:29,22
DA:30,198
DA:31,9
DA:36,22
DA:38,198
DA:42,22
DA:44,22
DA:47,1
DA:53,154
DA:56,1
DA:67,22
DA:68,22
DA:69,22
DA:70,22
DA:72,22
DA:83,1
DA:93,6
LF:24
LH:24
BRDA:30,0,0,189
BRDA:30,0,1,9
BRF:2
BRH:2
end_of_record
TN:
SF:/home/daniel/Documentos/Trybe/sd-012-project-react-testing-library/src/components/Pokemon.js
FN:9,(anonymous_0)
FNF:1
FNH:1
FNDA:32,(anonymous_0)
DA:9,6
DA:10,32
DA:11,32
DA:13,32
DA:35,6
DA:41,6
LF:6
LH:6
BRDA:21,0,0,32
BRDA:21,0,1,23
BRDA:24,1,0,32
BRDA:24,1,1,4
BRF:4
BRH:4
end_of_record
TN:
SF:/home/daniel/Documentos/Trybe/sd-012-project-react-testing-library/src/components/PokemonDetails.js
FN:10,(anonymous_0)
FN:15,(anonymous_1)
FN:26,(anonymous_2)
FN:35,(anonymous_3)
FN:41,(anonymous_4)
FN:44,(anonymous_5)
FN:47,(anonymous_6)
FN:59,(anonymous_7)
FN:67,(anonymous_8)
FNF:9
FNH:9
FNDA:9,(anonymous_0)
FNDA:18,(anonymous_1)
FNDA:9,(anonymous_2)
FNDA:5,(anonymous_3)
FNDA:9,(anonymous_4)
FNDA:9,(anonymous_5)
FNDA:9,(anonymous_6)
FNDA:4,(anonymous_7)
FNDA:9,(anonymous_8)
DA:11,9
DA:16,18
DA:27,9
DA:36,5
DA:38,5
DA:42,9
DA:44,9
DA:48,9
DA:50,9
DA:59,4
DA:68,9
DA:69,9
DA:73,9
DA:75,9
DA:76,9
DA:78,9
DA:94,6
LF:17
LH:17
BRF:0
BRH:0
end_of_record
TN:
SF:/home/daniel/Documentos/Trybe/sd-012-project-react-testing-library/src/components/index.js
FNF:0
FNH:0
LF:0
LH:0
BRF:0
BRH:0
end_of_record
TN:
SF:/home/daniel/Documentos/Trybe/sd-012-project-react-testing-library/src/services/pokedexService.js
FN:1,(anonymous_0)
FN:5,(anonymous_1)
FN:9,(anonymous_2)
FN:16,(anonymous_3)
FN:18,(anonymous_4)
FN:23,(anonymous_5)
FNF:6
FNH:6
FNDA:25,(anonymous_0)
FNDA:4,(anonymous_1)
FNDA:3,(anonymous_2)
FNDA:1,(anonymous_3)
FNDA:1,(anonymous_4)
FNDA:4,(anonymous_5)
DA:1,5
DA:2,25
DA:5,5
DA:6,4
DA:9,5
DA:10,3
DA:11,3
DA:13,3
DA:16,5
DA:17,1
DA:18,1
DA:20,1
DA:23,5
DA:24,4
LF:14
LH:14
BRDA:2,0,0,25
BRDA:2,0,1,20
BRDA:24,1,0,3
BRDA:24,1,1,1
BRF:4
BRH:4
end_of_record
TN:
SF:/home/daniel/Documentos/Trybe/sd-012-project-react-testing-library/src/services/renderWithRouter.js
FN:6,(anonymous_0)
FNF:1
FNH:1
FNDA:24,(anonymous_0)
DA:6,7
DA:7,24
DA:8,24
LF:3
LH:3
BRF:0
BRH:0
end_of_record
TN:
SF:/home/daniel/Documentos/Trybe/sd-012-project-react-testing-library/src/types/index.js
FNF:0
FNH:0
DA:10,6
DA:12,6
LF:2
LH:2
BRF:0
BRH:0
end_of_record
